<?xml version="1.0" encoding="utf-8"?><testsuites name="pytest tests"><testsuite name="pytest" errors="0" failures="0" skipped="3" tests="41" time="10.454" timestamp="2026-09-10T16:45:04.719105+00:00" hostname="localhost"><testcase classname="tests.test_data" name="test_byte_round_trip_and_literal_delimiters" time="0.032" /><testcase classname="tests.test_data" name="test_assistant_only_mask_includes_calls_not_observations" time="0.001" /><testcase classname="tests.test_data" name="test_protocol_rejects_malformed[&lt;tool_call&gt;{&quot;name&quot;:&quot;x&quot;,&quot;arguments&quot;:{}}&lt;/tool_call&gt;oops]" time="0.001" /><testcase classname="tests.test_data" name="test_protocol_rejects_malformed[&lt;tool_call&gt;{&quot;name&quot;:&quot;x&quot;,&quot;arguments&quot;:{}}]" time="0.000" /><testcase classname="tests.test_data" name="test_protocol_rejects_malformed[&lt;tool_call&gt;{&quot;name&quot;:&quot;x&quot;,&quot;name&quot;:&quot;y&quot;,&quot;arguments&quot;:{}}&lt;/tool_call&gt;]" time="0.000" /><testcase classname="tests.test_data" name="test_protocol_rejects_malformed[&lt;tool_call&gt;{&quot;name&quot;:&quot;x&quot;,&quot;arguments&quot;:{&quot;a&quot;:NaN}}&lt;/tool_call&gt;]" time="0.001" /><testcase classname="tests.test_data" name="test_openmath_groups_solutions" time="0.000" /><testcase classname="tests.test_data" name="test_xlam_adapter" time="0.000" /><testcase classname="tests.test_data" name="test_global_exact_dedup_preserves_provenance" time="0.003" /><testcase classname="tests.test_data" name="test_license_change_stops_collection" time="0.001" /><testcase classname="tests.test_data" name="test_deny_overlap" time="0.001" /><testcase classname="tests.test_data" name="test_collector_bounded_resume_without_network" time="0.004" /><testcase classname="tests.test_data" name="test_prepare_and_stream_resume" time="0.005" /><testcase classname="tests.test_data" name="test_overlong_sft_is_dropped_not_truncated" time="0.002" /><testcase classname="tests.test_data" name="test_bpe_training_unicode" time="0.001"><skipped type="pytest.skip" message="could not import 'tokenizers': No module named 'tokenizers'">/mnt/data/scholartiny/tests/test_data.py:126: could not import 'tokenizers': No module named 'tokenizers'</skipped></testcase><testcase classname="tests.test_generation" name="test_synthetic_covers_all_families_and_observations_are_computed" time="0.393" /><testcase classname="tests.test_generation" name="test_synthetic_has_real_second_tool_turn" time="0.003" /><testcase classname="tests.test_generation" name="test_rag_warmup_inherits_license_split_and_document_group" time="0.002" /><testcase classname="tests.test_model" name="test_causality[MMMA]" time="0.021" /><testcase classname="tests.test_model" name="test_causality[A]" time="0.010" /><testcase classname="tests.test_model" name="test_cache_matches_full[MMMA]" time="0.032" /><testcase classname="tests.test_model" name="test_cache_matches_full[A]" time="0.021" /><testcase classname="tests.test_model" name="test_attention_cached_chunk_mask" time="0.008" /><testcase classname="tests.test_model" name="test_loss_shift_and_mask" time="0.014" /><testcase classname="tests.test_model" name="test_checkpointing_gradient_parity" time="0.799" /><testcase classname="tests.test_model" name="test_initialization_and_weight_decay" time="0.003" /><testcase classname="tests.test_model" name="test_bad_cache_and_context_fail_closed" time="0.007" /><testcase classname="tests.test_model" name="test_padding_does_not_affect_real_prefix" time="0.010" /><testcase classname="tests.test_model" name="test_optimizer_can_reduce_tiny_batch_loss" time="0.128" /><testcase classname="tests.test_model" name="test_official_mamba2_reference_parity" time="0.000"><skipped type="pytest.skip" message="CUDA not available">/mnt/data/scholartiny/tests/test_model.py:105: CUDA not available</skipped></testcase><testcase classname="tests.test_model" name="test_official_hybrid_cache_backward" time="0.000"><skipped type="pytest.skip" message="CUDA not available">/mnt/data/scholartiny/tests/test_model.py:121: CUDA not available</skipped></testcase><testcase classname="tests.test_tools" name="test_math_parser_rejects_code[__import__(&quot;os&quot;).system(&quot;id&quot;)]" time="0.001" /><testcase classname="tests.test_tools" name="test_math_parser_rejects_code[open(&quot;/etc/passwd&quot;)]" time="0.000" /><testcase classname="tests.test_tools" name="test_math_parser_rejects_code[x.__class__]" time="0.001" /><testcase classname="tests.test_tools" name="test_math_parser_rejects_code[[x for x in [1]]]" time="0.001" /><testcase classname="tests.test_tools" name="test_math_parser_rejects_code[2**1000000]" time="0.000" /><testcase classname="tests.test_tools" name="test_math_parser_rejects_code[1/0]" time="0.000" /><testcase classname="tests.test_tools" name="test_exact_tools" time="0.005" /><testcase classname="tests.test_tools" name="test_executor_process_and_allowlist" time="6.700" /><testcase classname="tests.test_tools" name="test_retrieval_has_provenance_and_ids" time="0.009" /><testcase classname="tests.test_training" name="test_exact_training_resume" time="0.765" /></testsuite></testsuites>